TEST_PROJECT_3/app/build/intermediates/manifest_merge_blame_file/debug/manifest-merger-blame-debug-report.txt
1<?xml version="1.0" encoding="utf-8"?>
2<manifest xmlns:android="http://schemas.android.com/apk/res/android"
3    package="com.example.test_project_1"
4    android:versionCode="1"
5    android:versionName="1.0" >
6
7    <uses-sdk
8        android:minSdkVersion="16"
8-->src\main\AndroidManifest.xml
9        android:targetSdkVersion="32" />
9-->src\main\AndroidManifest.xml
10
11    <uses-permission android:name="android.permission.INTERNET" />
11-->src\main\AndroidManifest.xml:5:5-67
11-->src\main\AndroidManifest.xml:5:22-64
12
13    <uses-feature
13-->src\main\AndroidManifest.xml:6:5-84
14        android:name="android.hardware.camera"
14-->src\main\AndroidManifest.xml:6:19-57
15        android:required="true" />
15-->src\main\AndroidManifest.xml:6:58-81
16
17    <uses-permission android:name="android.permission.WRITE_EXTERNAL_STORAGE" />
17-->src\main\AndroidManifest.xml:7:5-81
17-->src\main\AndroidManifest.xml:7:22-78
18    <uses-permission android:name="android.permission.READ_EXTERNAL_STORAGE" />
18-->src\main\AndroidManifest.xml:8:5-80
18-->src\main\AndroidManifest.xml:8:22-77
19    <uses-permission android:name="android.permission.CAMERA" />
19-->src\main\AndroidManifest.xml:9:5-65
19-->src\main\AndroidManifest.xml:9:22-62
20
21    <application
21-->src\main\AndroidManifest.xml:11:5-59:19
22        android:name="androidx.multidex.MultiDexApplication"
23        android:allowBackup="true"
23-->src\main\AndroidManifest.xml:13:9-35
24        android:appComponentFactory="androidx.core.app.CoreComponentFactory"
24-->[androidx.core:core:1.7.0] AndroidManifest.xml:24:18-86
25        android:debuggable="true"
26        android:icon="@mipmap/ic_launcher"
26-->src\main\AndroidManifest.xml:14:9-43
27        android:label="@string/app_name"
27-->src\main\AndroidManifest.xml:15:9-41
28        android:roundIcon="@mipmap/ic_launcher_round"
28-->src\main\AndroidManifest.xml:16:9-54
29        android:supportsRtl="true"
29-->src\main\AndroidManifest.xml:17:9-35
30        android:testOnly="true"
31        android:theme="@style/Theme.AppCompat.Light"
31-->src\main\AndroidManifest.xml:18:9-53
32        android:usesCleartextTraffic="true" >
32-->src\main\AndroidManifest.xml:12:9-44
33        <activity
33-->src\main\AndroidManifest.xml:19:9-21:40
34            android:name="com.example.test_project_1.InfoPage"
34-->src\main\AndroidManifest.xml:20:13-37
35            android:exported="false" />
35-->src\main\AndroidManifest.xml:21:13-37
36        <activity
36-->src\main\AndroidManifest.xml:22:9-26:50
37            android:name="com.example.test_project_1.InformationPage"
37-->src\main\AndroidManifest.xml:23:13-44
38            android:exported="false"
38-->src\main\AndroidManifest.xml:24:13-37
39            android:label="@string/title_activity_information_page"
39-->src\main\AndroidManifest.xml:25:13-68
40            android:theme="@style/NoActionBar" />
40-->src\main\AndroidManifest.xml:26:13-47
41        <activity
41-->src\main\AndroidManifest.xml:27:9-31:50
42            android:name="com.example.test_project_1.UserPage"
42-->src\main\AndroidManifest.xml:28:13-37
43            android:exported="false"
43-->src\main\AndroidManifest.xml:29:13-37
44            android:label="@string/title_activity_user_page"
44-->src\main\AndroidManifest.xml:30:13-61
45            android:theme="@style/NoActionBar" />
45-->src\main\AndroidManifest.xml:31:13-47
46        <activity
46-->src\main\AndroidManifest.xml:32:9-34:40
47            android:name="com.example.test_project_1.JoinPage"
47-->src\main\AndroidManifest.xml:33:13-37
48            android:exported="false" />
48-->src\main\AndroidManifest.xml:34:13-37
49        <activity
49-->src\main\AndroidManifest.xml:35:9-37:40
50            android:name="com.example.test_project_1.MainActivity"
50-->src\main\AndroidManifest.xml:36:13-41
51            android:exported="false" />
51-->src\main\AndroidManifest.xml:37:13-37
52        <activity
52-->src\main\AndroidManifest.xml:38:9-40:40
53            android:name="com.example.test_project_1.CameraPage"
53-->src\main\AndroidManifest.xml:39:13-39
54            android:exported="false" />
54-->src\main\AndroidManifest.xml:40:13-37
55        <activity
55-->src\main\AndroidManifest.xml:41:9-49:20
56            android:name="com.example.test_project_1.LoginPage"
56-->src\main\AndroidManifest.xml:42:13-38
57            android:exported="true" >
57-->src\main\AndroidManifest.xml:43:13-36
58            <intent-filter>
58-->src\main\AndroidManifest.xml:44:13-48:29
59                <action android:name="android.intent.action.MAIN" />
59-->src\main\AndroidManifest.xml:45:17-69
59-->src\main\AndroidManifest.xml:45:25-66
60
61                <category android:name="android.intent.category.LAUNCHER" />
61-->src\main\AndroidManifest.xml:47:17-77
61-->src\main\AndroidManifest.xml:47:27-74
62            </intent-filter>
63        </activity>
64
65        <provider
65-->src\main\AndroidManifest.xml:50:9-58:20
66            android:name="androidx.core.content.FileProvider"
66-->src\main\AndroidManifest.xml:51:13-62
67            android:authorities="com.example.test_project_1.fileprovider"
67-->src\main\AndroidManifest.xml:52:13-74
68            android:exported="false"
68-->src\main\AndroidManifest.xml:53:13-37
69            android:grantUriPermissions="true" >
69-->src\main\AndroidManifest.xml:54:13-47
70            <meta-data
70-->src\main\AndroidManifest.xml:55:13-57:64
71                android:name="android.support.FILE_PROVIDER_PATHS"
71-->src\main\AndroidManifest.xml:56:17-67
72                android:resource="@xml/file_paths" />
72-->src\main\AndroidManifest.xml:57:17-51
73        </provider>
74        <provider
74-->[androidx.emoji2:emoji2:1.0.0] AndroidManifest.xml:26:9-34:20
75            android:name="androidx.startup.InitializationProvider"
75-->[androidx.emoji2:emoji2:1.0.0] AndroidManifest.xml:27:13-67
76            android:authorities="com.example.test_project_1.androidx-startup"
76-->[androidx.emoji2:emoji2:1.0.0] AndroidManifest.xml:28:13-68
77            android:exported="false" >
77-->[androidx.emoji2:emoji2:1.0.0] AndroidManifest.xml:29:13-37
78            <meta-data
78-->[androidx.emoji2:emoji2:1.0.0] AndroidManifest.xml:31:13-33:52
79                android:name="androidx.emoji2.text.EmojiCompatInitializer"
79-->[androidx.emoji2:emoji2:1.0.0] AndroidManifest.xml:32:17-75
80                android:value="androidx.startup" />
80-->[androidx.emoji2:emoji2:1.0.0] AndroidManifest.xml:33:17-49
81            <meta-data
81-->[androidx.lifecycle:lifecycle-process:2.4.0] AndroidManifest.xml:31:13-33:52
82                android:name="androidx.lifecycle.ProcessLifecycleInitializer"
82-->[androidx.lifecycle:lifecycle-process:2.4.0] AndroidManifest.xml:32:17-78
83                android:value="androidx.startup" />
83-->[androidx.lifecycle:lifecycle-process:2.4.0] AndroidManifest.xml:33:17-49
84        </provider>
85    </application>
86
87</manifest>